# JRE version: OpenJDK Runtime Environment Temurin-17.0.3+7 (17.0.3+7) (build 17.0.3+7)
# Java VM: OpenJDK 64-Bit Server VM Temurin-17.0.3+7 (17.0.3+7, mixed mode, tiered, compressed oops, compressed class ptrs, g1 gc, windows-amd64)
GC Precious Log:
 CPUs: 8 total, 8 available
 Memory: 7926M
 Large Page Support: Disabled
 NUMA Support: Disabled
 Compressed Oops: Enabled (32-bit)
 Heap Region Size: 1M
 Heap Min Capacity: 8M
 Heap Initial Capacity: 124M
 Heap Max Capacity: 1982M
 Pre-touch: Disabled
 Parallel Workers: 8
 Concurrent Workers: 2
 Concurrent Refinement Workers: 8
 Periodic GC: Disabled
Heap:
 garbage-first heap   total 38912K, used 12180K [0x0000000084200000, 0x0000000100000000)
  region size 1024K, 1 young (1024K), 1 survivors (1024K)
 Metaspace       used 34000K, committed 34240K, reserved 1081344K
  class space    used 3897K, committed 3968K, reserved 1048576K
GC Heap History (12 events):
Event: 0.634 GC heap before
{Heap before GC invocations=0 (full 0):
 garbage-first heap   total 126976K, used 22528K [0x0000000084200000, 0x0000000100000000)
  region size 1024K, 23 young (23552K), 0 survivors (0K)
 Metaspace       used 14866K, committed 15040K, reserved 1064960K
  class space    used 1482K, committed 1536K, reserved 1048576K
}
Event: 0.638 GC heap after
{Heap after GC invocations=1 (full 0):
 garbage-first heap   total 126976K, used 5719K [0x0000000084200000, 0x0000000100000000)
  region size 1024K, 3 young (3072K), 3 survivors (3072K)
 Metaspace       used 14866K, committed 15040K, reserved 1064960K
  class space    used 1482K, committed 1536K, reserved 1048576K
}
Event: 0.970 GC heap before
{Heap before GC invocations=1 (full 0):
 garbage-first heap   total 126976K, used 28247K [0x0000000084200000, 0x0000000100000000)
  region size 1024K, 26 young (26624K), 3 survivors (3072K)
 Metaspace       used 21276K, committed 21504K, reserved 1073152K
  class space    used 2249K, committed 2368K, reserved 1048576K
}
Event: 0.975 GC heap after
{Heap after GC invocations=2 (full 0):
 garbage-first heap   total 126976K, used 7957K [0x0000000084200000, 0x0000000100000000)
  region size 1024K, 3 young (3072K), 3 survivors (3072K)
 Metaspace       used 21276K, committed 21504K, reserved 1073152K
  class space    used 2249K, committed 2368K, reserved 1048576K
}
Event: 1.256 GC heap before
{Heap before GC invocations=3 (full 0):
 garbage-first heap   total 34816K, used 25365K [0x0000000084200000, 0x0000000100000000)
  region size 1024K, 21 young (21504K), 3 survivors (3072K)
 Metaspace       used 26531K, committed 26752K, reserved 1073152K
  class space    used 2891K, committed 3008K, reserved 1048576K
}
Event: 1.261 GC heap after
{Heap after GC invocations=4 (full 0):
 garbage-first heap   total 34816K, used 10725K [0x0000000084200000, 0x0000000100000000)
  region size 1024K, 5 young (5120K), 5 survivors (5120K)
 Metaspace       used 26531K, committed 26752K, reserved 1073152K
  class space    used 2891K, committed 3008K, reserved 1048576K
}
Event: 1.282 GC heap before
{Heap before GC invocations=4 (full 0):
 garbage-first heap   total 34816K, used 11749K [0x0000000084200000, 0x0000000100000000)
  region size 1024K, 6 young (6144K), 5 survivors (5120K)
 Metaspace       used 27392K, committed 27648K, reserved 1073152K
  class space    used 2992K, committed 3136K, reserved 1048576K
}
Event: 1.285 GC heap after
{Heap after GC invocations=5 (full 0):
 garbage-first heap   total 34816K, used 10877K [0x0000000084200000, 0x0000000100000000)
  region size 1024K, 1 young (1024K), 1 survivors (1024K)
 Metaspace       used 27392K, committed 27648K, reserved 1073152K
  class space    used 2992K, committed 3136K, reserved 1048576K
}
Event: 2.200 GC heap before
{Heap before GC invocations=5 (full 0):
 garbage-first heap   total 34816K, used 23165K [0x0000000084200000, 0x0000000100000000)
  region size 1024K, 14 young (14336K), 1 survivors (1024K)
 Metaspace       used 31574K, committed 31808K, reserved 1081344K
  class space    used 3559K, committed 3648K, reserved 1048576K
}
Event: 2.204 GC heap after
{Heap after GC invocations=6 (full 0):
 garbage-first heap   total 34816K, used 11628K [0x0000000084200000, 0x0000000100000000)
  region size 1024K, 2 young (2048K), 2 survivors (2048K)
 Metaspace       used 31574K, committed 31808K, reserved 1081344K
  class space    used 3559K, committed 3648K, reserved 1048576K
}
Event: 2.432 GC heap before
{Heap before GC invocations=6 (full 0):
 garbage-first heap   total 34816K, used 20844K [0x0000000084200000, 0x0000000100000000)
  region size 1024K, 12 young (12288K), 2 survivors (2048K)
 Metaspace       used 34000K, committed 34240K, reserved 1081344K
  class space    used 3897K, committed 3968K, reserved 1048576K
}
Event: 2.435 GC heap after
{Heap after GC invocations=7 (full 0):
 garbage-first heap   total 34816K, used 12180K [0x0000000084200000, 0x0000000100000000)
  region size 1024K, 1 young (1024K), 1 survivors (1024K)
 Metaspace       used 34000K, committed 34240K, reserved 1081344K
  class space    used 3897K, committed 3968K, reserved 1048576K
}

