# JRE version: OpenJDK Runtime Environment Temurin-17.0.3+7 (17.0.3+7) (build 17.0.3+7)
# Java VM: OpenJDK 64-Bit Server VM Temurin-17.0.3+7 (17.0.3+7, mixed mode, tiered, compressed oops, compressed class ptrs, g1 gc, windows-amd64)
GC Precious Log:
 CPUs: 8 total, 8 available
 Memory: 7926M
 Large Page Support: Disabled
 NUMA Support: Disabled
 Compressed Oops: Enabled (32-bit)
 Heap Region Size: 1M
 Heap Min Capacity: 8M
 Heap Initial Capacity: 124M
 Heap Max Capacity: 1982M
 Pre-touch: Disabled
 Parallel Workers: 8
 Concurrent Workers: 2
 Concurrent Refinement Workers: 8
 Periodic GC: Disabled
Heap:
 garbage-first heap   total 46080K, used 30457K [0x0000000084200000, 0x0000000100000000)
  region size 1024K, 2 young (2048K), 2 survivors (2048K)
 Metaspace       used 35754K, committed 35968K, reserved 1081344K
  class space    used 4158K, committed 4288K, reserved 1048576K
GC Heap History (13 events):
Event: 0.644 GC heap before
{Heap before GC invocations=0 (full 0):
 garbage-first heap   total 126976K, used 22528K [0x0000000084200000, 0x0000000100000000)
  region size 1024K, 23 young (23552K), 0 survivors (0K)
 Metaspace       used 14908K, committed 15040K, reserved 1064960K
  class space    used 1490K, committed 1536K, reserved 1048576K
}
Event: 0.649 GC heap after
{Heap after GC invocations=1 (full 0):
 garbage-first heap   total 126976K, used 5584K [0x0000000084200000, 0x0000000100000000)
  region size 1024K, 3 young (3072K), 3 survivors (3072K)
 Metaspace       used 14908K, committed 15040K, reserved 1064960K
  class space    used 1490K, committed 1536K, reserved 1048576K
}
Event: 1.022 GC heap before
{Heap before GC invocations=1 (full 0):
 garbage-first heap   total 126976K, used 28112K [0x0000000084200000, 0x0000000100000000)
  region size 1024K, 26 young (26624K), 3 survivors (3072K)
 Metaspace       used 21305K, committed 21504K, reserved 1073152K
  class space    used 2253K, committed 2368K, reserved 1048576K
}
Event: 1.027 GC heap after
{Heap after GC invocations=2 (full 0):
 garbage-first heap   total 126976K, used 7963K [0x0000000084200000, 0x0000000100000000)
  region size 1024K, 3 young (3072K), 3 survivors (3072K)
 Metaspace       used 21305K, committed 21504K, reserved 1073152K
  class space    used 2253K, committed 2368K, reserved 1048576K
}
Event: 1.307 GC heap before
{Heap before GC invocations=3 (full 0):
 garbage-first heap   total 34816K, used 25371K [0x0000000084200000, 0x0000000100000000)
  region size 1024K, 21 young (21504K), 3 survivors (3072K)
 Metaspace       used 26713K, committed 27008K, reserved 1073152K
  class space    used 2910K, committed 3072K, reserved 1048576K
}
Event: 1.311 GC heap after
{Heap after GC invocations=4 (full 0):
 garbage-first heap   total 34816K, used 10300K [0x0000000084200000, 0x0000000100000000)
  region size 1024K, 5 young (5120K), 5 survivors (5120K)
 Metaspace       used 26713K, committed 27008K, reserved 1073152K
  class space    used 2910K, committed 3072K, reserved 1048576K
}
Event: 1.332 GC heap before
{Heap before GC invocations=4 (full 0):
 garbage-first heap   total 34816K, used 11324K [0x0000000084200000, 0x0000000100000000)
  region size 1024K, 6 young (6144K), 5 survivors (5120K)
 Metaspace       used 27570K, committed 27840K, reserved 1081344K
  class space    used 3010K, committed 3136K, reserved 1048576K
}
Event: 1.336 GC heap after
{Heap after GC invocations=5 (full 0):
 garbage-first heap   total 34816K, used 10964K [0x0000000084200000, 0x0000000100000000)
  region size 1024K, 1 young (1024K), 1 survivors (1024K)
 Metaspace       used 27570K, committed 27840K, reserved 1081344K
  class space    used 3010K, committed 3136K, reserved 1048576K
}
Event: 1.617 GC heap before
{Heap before GC invocations=5 (full 0):
 garbage-first heap   total 34816K, used 24276K [0x0000000084200000, 0x0000000100000000)
  region size 1024K, 14 young (14336K), 1 survivors (1024K)
 Metaspace       used 31590K, committed 31808K, reserved 1081344K
  class space    used 3563K, committed 3648K, reserved 1048576K
}
Event: 1.619 GC heap after
{Heap after GC invocations=6 (full 0):
 garbage-first heap   total 34816K, used 11630K [0x0000000084200000, 0x0000000100000000)
  region size 1024K, 2 young (2048K), 2 survivors (2048K)
 Metaspace       used 31590K, committed 31808K, reserved 1081344K
  class space    used 3563K, committed 3648K, reserved 1048576K
}
Event: 1.776 GC heap before
{Heap before GC invocations=6 (full 0):
 garbage-first heap   total 34816K, used 20846K [0x0000000084200000, 0x0000000100000000)
  region size 1024K, 12 young (12288K), 2 survivors (2048K)
 Metaspace       used 33988K, committed 34240K, reserved 1081344K
  class space    used 3898K, committed 3968K, reserved 1048576K
}
Event: 1.779 GC heap after
{Heap after GC invocations=7 (full 0):
 garbage-first heap   total 34816K, used 12159K [0x0000000084200000, 0x0000000100000000)
  region size 1024K, 1 young (1024K), 1 survivors (1024K)
 Metaspace       used 33988K, committed 34240K, reserved 1081344K
  class space    used 3898K, committed 3968K, reserved 1048576K
}
Event: 2.406 GC heap before
{Heap before GC invocations=7 (full 0):
 garbage-first heap   total 46080K, used 36735K [0x0000000084200000, 0x0000000100000000)
  region size 1024K, 9 young (9216K), 1 survivors (1024K)
 Metaspace       used 35754K, committed 35968K, reserved 1081344K
  class space    used 4158K, committed 4288K, reserved 1048576K
}

