# JRE version: OpenJDK Runtime Environment Temurin-17.0.3+7 (17.0.3+7) (build 17.0.3+7)
# Java VM: OpenJDK 64-Bit Server VM Temurin-17.0.3+7 (17.0.3+7, mixed mode, tiered, compressed oops, compressed class ptrs, g1 gc, windows-amd64)
GC Precious Log:
 CPUs: 8 total, 8 available
 Memory: 7926M
 Large Page Support: Disabled
 NUMA Support: Disabled
 Compressed Oops: Enabled (32-bit)
 Heap Region Size: 1M
 Heap Min Capacity: 8M
 Heap Initial Capacity: 124M
 Heap Max Capacity: 1982M
 Pre-touch: Disabled
 Parallel Workers: 8
 Concurrent Workers: 2
 Concurrent Refinement Workers: 8
 Periodic GC: Disabled
Heap:
 garbage-first heap   total 46080K, used 30699K [0x0000000084200000, 0x0000000100000000)
  region size 1024K, 2 young (2048K), 2 survivors (2048K)
 Metaspace       used 35711K, committed 35968K, reserved 1081344K
  class space    used 4166K, committed 4288K, reserved 1048576K
GC Heap History (13 events):
Event: 0.731 GC heap before
{Heap before GC invocations=0 (full 0):
 garbage-first heap   total 126976K, used 22528K [0x0000000084200000, 0x0000000100000000)
  region size 1024K, 23 young (23552K), 0 survivors (0K)
 Metaspace       used 14911K, committed 15104K, reserved 1064960K
  class space    used 1490K, committed 1536K, reserved 1048576K
}
Event: 0.738 GC heap after
{Heap after GC invocations=1 (full 0):
 garbage-first heap   total 126976K, used 5543K [0x0000000084200000, 0x0000000100000000)
  region size 1024K, 3 young (3072K), 3 survivors (3072K)
 Metaspace       used 14911K, committed 15104K, reserved 1064960K
  class space    used 1490K, committed 1536K, reserved 1048576K
}
Event: 1.109 GC heap before
{Heap before GC invocations=1 (full 0):
 garbage-first heap   total 126976K, used 27047K [0x0000000084200000, 0x0000000100000000)
  region size 1024K, 25 young (25600K), 3 survivors (3072K)
 Metaspace       used 21286K, committed 21504K, reserved 1073152K
  class space    used 2250K, committed 2368K, reserved 1048576K
}
Event: 1.114 GC heap after
{Heap after GC invocations=2 (full 0):
 garbage-first heap   total 126976K, used 8071K [0x0000000084200000, 0x0000000100000000)
  region size 1024K, 3 young (3072K), 3 survivors (3072K)
 Metaspace       used 21286K, committed 21504K, reserved 1073152K
  class space    used 2250K, committed 2368K, reserved 1048576K
}
Event: 1.413 GC heap before
{Heap before GC invocations=3 (full 0):
 garbage-first heap   total 34816K, used 25479K [0x0000000084200000, 0x0000000100000000)
  region size 1024K, 21 young (21504K), 3 survivors (3072K)
 Metaspace       used 26529K, committed 26752K, reserved 1073152K
  class space    used 2896K, committed 3008K, reserved 1048576K
}
Event: 1.417 GC heap after
{Heap after GC invocations=4 (full 0):
 garbage-first heap   total 34816K, used 10723K [0x0000000084200000, 0x0000000100000000)
  region size 1024K, 5 young (5120K), 5 survivors (5120K)
 Metaspace       used 26529K, committed 26752K, reserved 1073152K
  class space    used 2896K, committed 3008K, reserved 1048576K
}
Event: 1.438 GC heap before
{Heap before GC invocations=4 (full 0):
 garbage-first heap   total 34816K, used 11747K [0x0000000084200000, 0x0000000100000000)
  region size 1024K, 6 young (6144K), 5 survivors (5120K)
 Metaspace       used 27359K, committed 27520K, reserved 1073152K
  class space    used 2989K, committed 3072K, reserved 1048576K
}
Event: 1.442 GC heap after
{Heap after GC invocations=5 (full 0):
 garbage-first heap   total 34816K, used 10865K [0x0000000084200000, 0x0000000100000000)
  region size 1024K, 1 young (1024K), 1 survivors (1024K)
 Metaspace       used 27359K, committed 27520K, reserved 1073152K
  class space    used 2989K, committed 3072K, reserved 1048576K
}
Event: 1.707 GC heap before
{Heap before GC invocations=5 (full 0):
 garbage-first heap   total 34816K, used 23153K [0x0000000084200000, 0x0000000100000000)
  region size 1024K, 14 young (14336K), 1 survivors (1024K)
 Metaspace       used 31621K, committed 31872K, reserved 1081344K
  class space    used 3570K, committed 3712K, reserved 1048576K
}
Event: 1.710 GC heap after
{Heap after GC invocations=6 (full 0):
 garbage-first heap   total 34816K, used 11626K [0x0000000084200000, 0x0000000100000000)
  region size 1024K, 2 young (2048K), 2 survivors (2048K)
 Metaspace       used 31621K, committed 31872K, reserved 1081344K
  class space    used 3570K, committed 3712K, reserved 1048576K
}
Event: 1.899 GC heap before
{Heap before GC invocations=6 (full 0):
 garbage-first heap   total 34816K, used 20842K [0x0000000084200000, 0x0000000100000000)
  region size 1024K, 12 young (12288K), 2 survivors (2048K)
 Metaspace       used 33987K, committed 34240K, reserved 1081344K
  class space    used 3898K, committed 3968K, reserved 1048576K
}
Event: 1.901 GC heap after
{Heap after GC invocations=7 (full 0):
 garbage-first heap   total 34816K, used 12247K [0x0000000084200000, 0x0000000100000000)
  region size 1024K, 1 young (1024K), 1 survivors (1024K)
 Metaspace       used 33987K, committed 34240K, reserved 1081344K
  class space    used 3898K, committed 3968K, reserved 1048576K
}
Event: 3.766 GC heap before
{Heap before GC invocations=7 (full 0):
 garbage-first heap   total 46080K, used 36823K [0x0000000084200000, 0x0000000100000000)
  region size 1024K, 9 young (9216K), 1 survivors (1024K)
 Metaspace       used 35711K, committed 35968K, reserved 1081344K
  class space    used 4166K, committed 4288K, reserved 1048576K
}

